{"/Volumes/Macintosh HD/JETS/TEST_API_BOOKIN/test/helper/requestData.js": {"path":"/Volumes/Macintosh HD/JETS/TEST_API_BOOKIN/test/helper/requestData.js","statementMap":{"0":{"start":{"line":2,"column":12},"end":{"line":2,"column":28}},"1":{"start":{"line":3,"column":15},"end":{"line":3,"column":35}},"2":{"start":{"line":6,"column":19},"end":{"line":21,"column":3}},"3":{"start":{"line":7,"column":13},"end":{"line":10,"column":4}},"4":{"start":{"line":11,"column":15},"end":{"line":18,"column":3}},"5":{"start":{"line":19,"column":24},"end":{"line":19,"column":43}},"6":{"start":{"line":20,"column":3},"end":{"line":20,"column":23}},"7":{"start":{"line":25,"column":21},"end":{"line":50,"column":2}},"8":{"start":{"line":26,"column":13},"end":{"line":35,"column":4}},"9":{"start":{"line":37,"column":15},"end":{"line":45,"column":3}},"10":{"start":{"line":47,"column":23},"end":{"line":47,"column":42}},"11":{"start":{"line":48,"column":2},"end":{"line":48,"column":22}},"12":{"start":{"line":55,"column":21},"end":{"line":63,"column":2}},"13":{"start":{"line":56,"column":15},"end":{"line":60,"column":3}},"14":{"start":{"line":61,"column":23},"end":{"line":61,"column":42}},"15":{"start":{"line":62,"column":3},"end":{"line":62,"column":23}},"16":{"start":{"line":67,"column":17},"end":{"line":84,"column":1}},"17":{"start":{"line":68,"column":13},"end":{"line":71,"column":4}},"18":{"start":{"line":73,"column":15},"end":{"line":80,"column":3}},"19":{"start":{"line":82,"column":23},"end":{"line":82,"column":42}},"20":{"start":{"line":83,"column":3},"end":{"line":83,"column":23}},"21":{"start":{"line":88,"column":19},"end":{"line":103,"column":1}},"22":{"start":{"line":89,"column":13},"end":{"line":89,"column":27}},"23":{"start":{"line":90,"column":15},"end":{"line":99,"column":3}},"24":{"start":{"line":101,"column":21},"end":{"line":101,"column":40}},"25":{"start":{"line":102,"column":0},"end":{"line":102,"column":20}},"26":{"start":{"line":108,"column":2},"end":{"line":108,"column":67}}},"fnMap":{"0":{"name":"(anonymous_0)","decl":{"start":{"line":6,"column":19},"end":{"line":6,"column":20}},"loc":{"start":{"line":6,"column":31},"end":{"line":21,"column":3}},"line":6},"1":{"name":"(anonymous_1)","decl":{"start":{"line":25,"column":21},"end":{"line":25,"column":22}},"loc":{"start":{"line":25,"column":33},"end":{"line":50,"column":2}},"line":25},"2":{"name":"(anonymous_2)","decl":{"start":{"line":55,"column":21},"end":{"line":55,"column":22}},"loc":{"start":{"line":55,"column":35},"end":{"line":63,"column":2}},"line":55},"3":{"name":"(anonymous_3)","decl":{"start":{"line":67,"column":17},"end":{"line":67,"column":18}},"loc":{"start":{"line":67,"column":29},"end":{"line":84,"column":1}},"line":67},"4":{"name":"(anonymous_4)","decl":{"start":{"line":88,"column":19},"end":{"line":88,"column":20}},"loc":{"start":{"line":88,"column":42},"end":{"line":103,"column":1}},"line":88}},"branchMap":{},"s":{"0":1,"1":1,"2":1,"3":1,"4":1,"5":1,"6":1,"7":1,"8":0,"9":0,"10":0,"11":0,"12":1,"13":2,"14":2,"15":1,"16":1,"17":1,"18":1,"19":1,"20":1,"21":1,"22":1,"23":1,"24":1,"25":1,"26":1},"f":{"0":1,"1":0,"2":2,"3":1,"4":1},"b":{},"_coverageSchema":"1a1c01bbd47fc00a2c39e90264f33305004495a9","hash":"885ef7783d0689ae4bbe5d36f90670bc8714722b"}
}
