TN:
SF:test/helper/requestData.js
FN:6,(anonymous_0)
FN:25,(anonymous_1)
FN:55,(anonymous_2)
FN:67,(anonymous_3)
FN:88,(anonymous_4)
FNF:5
FNH:4
FNDA:1,(anonymous_0)
FNDA:0,(anonymous_1)
FNDA:2,(anonymous_2)
FNDA:1,(anonymous_3)
FNDA:1,(anonymous_4)
DA:2,1
DA:3,1
DA:6,1
DA:7,1
DA:11,1
DA:19,1
DA:20,1
DA:25,1
DA:26,0
DA:37,0
DA:47,0
DA:48,0
DA:55,1
DA:56,2
DA:61,2
DA:62,1
DA:67,1
DA:68,1
DA:73,1
DA:82,1
DA:83,1
DA:88,1
DA:89,1
DA:90,1
DA:101,1
DA:102,1
DA:108,1
LF:27
LH:23
BRF:0
BRH:0
end_of_record
